2018/03/27 22:59:18 [INFO] Video from http://admin:R150u0Z2f7w0@10.0.0.28:99
2018/03/27 23:00:19 [INFO] Video from http://admin:R150u0Z2f7w0@10.0.0.28:99
2018/03/27 23:00:19 [INFO] Using OneDrive
2018/03/27 23:00:19 [INFO] Sending filenames to MQTT
2018/03/27 23:00:19 [INFO] Showing video on screen
2018/03/27 23:06:18 [INFO] Video from http://admin:R150u0Z2f7w0@10.0.0.28:99
2018/03/27 23:06:18 [INFO] Using OneDrive
2018/03/27 23:06:18 [INFO] Sending filenames to MQTT
2018/03/27 23:06:18 [INFO] Showing video on screen
2018/03/27 23:07:12 [INFO] Video from http://admin:R150u0Z2f7w0@10.0.0.28:99
2018/03/27 23:07:12 [INFO] Using OneDrive
2018/03/27 23:07:12 [INFO] Sending filenames to MQTT
2018/03/27 23:07:12 [INFO] Showing video on screen
2018/03/27 23:13:16 [INFO] Video from http://10.0.0.28:99/videostream.cgi?user=admin&pwd=R150u0Z2f7w0
2018/03/27 23:13:16 [INFO] Using OneDrive
2018/03/27 23:13:16 [INFO] Sending filenames to MQTT
2018/03/27 23:13:16 [INFO] Showing video on screen
2018/03/27 23:14:34 [INFO] Video from http://10.0.0.28:99/videostream.cgi?user=admin&pwd=R150u0Z2f7w0
2018/03/27 23:14:34 [INFO] Using OneDrive
2018/03/27 23:14:34 [INFO] Sending filenames to MQTT
2018/03/27 23:14:34 [INFO] Showing video on screen
2018/03/28 12:48:08 [INFO] Video from http://10.0.0.28:99/videostream.cgi?user=admin&pwd=R150u0Z2f7w0
2018/03/28 12:48:08 [INFO] Using OneDrive
2018/03/28 12:48:08 [INFO] Sending filenames to MQTT
2018/03/28 12:48:08 [INFO] Showing video on screen
2018/03/28 12:48:14 [INFO] warming up...
2018/03/28 12:48:41 [INFO] Video from http://10.0.0.28:99/videostream.cgi?user=admin&pwd=R150u0Z2f7w0
2018/03/28 12:48:41 [INFO] Using OneDrive
2018/03/28 12:48:41 [INFO] Sending filenames to MQTT
2018/03/28 12:48:41 [INFO] Showing video on screen
2018/03/28 12:48:41 [INFO] warming up...
2018/03/28 12:49:48 [INFO] Video from http://10.0.0.28:99/videostream.cgi?user=admin&pwd=R150u0Z2f7w0
2018/03/28 12:49:48 [INFO] Using OneDrive
2018/03/28 12:49:48 [INFO] Sending filenames to MQTT
2018/03/28 12:49:48 [INFO] Showing video on screen
2018/03/28 12:49:48 [INFO] warming up...
2018/03/28 13:41:37 [INFO] Video from http://10.0.0.28:99/videostream.cgi?user=admin&pwd=R150u0Z2f7w0
2018/03/28 13:41:37 [INFO] Using OneDrive
2018/03/28 13:41:37 [INFO] Sending filenames to MQTT
2018/03/28 13:41:37 [INFO] Showing video on screen
2018/03/28 13:41:37 [INFO] warming up...
2018/03/28 13:42:00 [INFO] Video from http://10.0.0.28:99/videostream.cgi?user=admin&pwd=R150u0Z2f7w0
2018/03/28 13:42:00 [INFO] Using OneDrive
2018/03/28 13:42:00 [INFO] Sending filenames to MQTT
2018/03/28 13:42:00 [INFO] Showing video on screen
2018/03/28 13:42:00 [INFO] warming up...
2018/03/28 13:57:33 [INFO] Video from http://10.0.0.28:99/videostream.cgi?user=admin&pwd=R150u0Z2f7w0
2018/03/28 13:57:33 [INFO] Using OneDrive
2018/03/28 13:57:33 [INFO] Sending filenames to MQTT
2018/03/28 13:57:33 [INFO] Showing video on screen
2018/03/28 13:57:33 [INFO] warming up...
2018/03/28 13:57:36 [INFO] starting background model...
2018/03/28 13:57:36 [INFO] warming up...
2018/03/28 13:57:38 [INFO] starting background model...
2018/03/28 13:57:38 [INFO] warming up...
2018/03/28 13:57:41 [INFO] starting background model...
2018/03/28 13:57:41 [INFO] warming up...
2018/03/28 13:57:43 [INFO] starting background model...
2018/03/28 13:57:43 [INFO] warming up...
2018/03/28 13:57:46 [INFO] starting background model...
2018/03/28 13:57:46 [INFO] warming up...
2018/03/28 13:57:48 [INFO] starting background model...
2018/03/28 13:57:48 [INFO] warming up...
2018/03/28 13:57:51 [INFO] starting background model...
2018/03/28 13:57:51 [INFO] warming up...
2018/03/28 13:57:53 [INFO] starting background model...
2018/03/28 13:57:53 [INFO] warming up...
2018/03/28 13:57:56 [INFO] starting background model...
2018/03/28 13:57:56 [INFO] warming up...
2018/03/28 13:57:58 [INFO] starting background model...
2018/03/28 13:57:58 [INFO] warming up...
2018/03/28 13:58:01 [INFO] starting background model...
2018/03/28 13:58:01 [INFO] warming up...
2018/03/28 13:58:03 [INFO] starting background model...
2018/03/28 13:58:03 [INFO] warming up...
2018/03/28 13:58:06 [INFO] starting background model...
2018/03/28 13:58:06 [INFO] warming up...
2018/03/28 13:58:08 [INFO] starting background model...
2018/03/28 13:58:08 [INFO] warming up...
2018/03/28 13:58:11 [INFO] starting background model...
2018/03/28 13:58:11 [INFO] warming up...
2018/03/28 13:58:13 [INFO] starting background model...
2018/03/28 13:58:13 [INFO] warming up...
2018/03/28 13:58:16 [INFO] starting background model...
2018/03/28 13:58:16 [INFO] warming up...
2018/03/28 13:58:18 [INFO] starting background model...
2018/03/28 13:58:18 [INFO] warming up...
2018/03/28 13:58:21 [INFO] starting background model...
2018/03/28 13:58:21 [INFO] warming up...
2018/03/28 13:58:23 [INFO] starting background model...
2018/03/28 13:58:23 [INFO] warming up...
2018/03/28 13:58:26 [INFO] starting background model...
2018/03/28 13:58:26 [INFO] warming up...
2018/03/28 13:58:28 [INFO] starting background model...
2018/03/28 13:58:28 [INFO] warming up...
2018/03/28 13:58:31 [INFO] starting background model...
2018/03/28 13:58:31 [INFO] warming up...
2018/03/28 13:58:33 [INFO] starting background model...
2018/03/28 13:58:33 [INFO] warming up...
2018/03/28 13:58:36 [INFO] starting background model...
2018/03/28 13:58:36 [INFO] warming up...
2018/03/28 13:58:38 [INFO] starting background model...
2018/03/28 13:58:38 [INFO] warming up...
2018/03/28 13:58:41 [INFO] starting background model...
2018/03/28 13:58:41 [INFO] warming up...
2018/03/28 13:58:43 [INFO] starting background model...
2018/03/28 13:58:43 [INFO] warming up...
2018/03/28 13:58:46 [INFO] starting background model...
2018/03/28 13:58:46 [INFO] warming up...
2018/03/28 13:58:48 [INFO] starting background model...
2018/03/28 13:58:48 [INFO] warming up...
2018/03/28 13:58:51 [INFO] starting background model...
2018/03/28 13:58:51 [INFO] warming up...
2018/03/28 13:58:54 [INFO] starting background model...
2018/03/28 13:58:54 [INFO] warming up...
2018/03/28 13:58:56 [INFO] starting background model...
2018/03/28 13:58:56 [INFO] warming up...
2018/03/28 13:58:59 [INFO] starting background model...
2018/03/28 13:58:59 [INFO] warming up...
2018/03/28 13:59:01 [INFO] starting background model...
2018/03/28 13:59:01 [INFO] warming up...
2018/03/28 13:59:04 [INFO] starting background model...
2018/03/28 13:59:04 [INFO] warming up...
2018/03/28 13:59:06 [INFO] starting background model...
2018/03/28 13:59:06 [INFO] warming up...
2018/03/28 13:59:09 [INFO] starting background model...
2018/03/28 13:59:09 [INFO] warming up...
2018/03/28 13:59:11 [INFO] starting background model...
2018/03/28 13:59:11 [INFO] warming up...
2018/03/28 13:59:14 [INFO] starting background model...
2018/03/28 13:59:14 [INFO] warming up...
2018/03/28 13:59:16 [INFO] starting background model...
2018/03/28 13:59:16 [INFO] warming up...
2018/03/28 13:59:19 [INFO] starting background model...
2018/03/28 13:59:19 [INFO] warming up...
2018/03/28 13:59:21 [INFO] starting background model...
2018/03/28 13:59:21 [INFO] warming up...
2018/03/28 14:06:59 [INFO] Video from http://10.0.0.28:99/videostream.cgi?user=admin&pwd=R150u0Z2f7w0
2018/03/28 14:06:59 [INFO] Using OneDrive
2018/03/28 14:06:59 [INFO] Sending filenames to MQTT
2018/03/28 14:06:59 [INFO] Showing video on screen
2018/03/28 14:06:59 [INFO] warming up...
2018/03/28 14:07:01 [INFO] starting background model...
2018/03/28 14:14:34 [INFO] Video from http://10.0.0.28:99/videostream.cgi?user=admin&pwd=R150u0Z2f7w0
2018/03/28 14:14:34 [INFO] Using OneDrive
2018/03/28 14:14:34 [INFO] Sending filenames to MQTT
2018/03/28 14:14:34 [INFO] Showing video on screen
2018/03/28 14:14:34 [INFO] warming up...
2018/03/28 14:14:37 [INFO] starting background model...
2018/03/28 14:19:49 [INFO] Video from http://10.0.0.28:99/videostream.cgi?user=admin&pwd=R150u0Z2f7w0
2018/03/28 14:19:49 [INFO] Using OneDrive
2018/03/28 14:19:49 [INFO] Showing video on screen
2018/03/28 14:19:49 [INFO] warming up...
2018/03/28 14:19:51 [INFO] starting background model...
2018/03/28 14:20:21 [INFO] Motion detected Wednesday 28 March 2018 02:20:21PM, stored as ./20180328-142021.jpg
2018/03/28 14:20:29 [INFO] Motion detected Wednesday 28 March 2018 02:20:29PM, stored as ./20180328-142029.jpg
2018/03/28 14:20:44 [INFO] Motion detected Wednesday 28 March 2018 02:20:44PM, stored as ./20180328-142044.jpg
2018/03/31 12:17:27 [INFO] Video from 1
2018/03/31 12:17:27 [INFO] Lagrer til OneDrive
2018/03/31 12:17:27 [INFO] Viser video på skjermen
2018/03/31 12:17:27 [INFO] klargjør video...
2018/03/31 12:17:53 [INFO] Video from 1
2018/03/31 12:17:53 [INFO] Lagrer til OneDrive
2018/03/31 12:17:53 [INFO] Viser video på skjermen
2018/03/31 12:17:53 [INFO] klargjør video...
2018/03/31 12:17:57 [INFO] starter bildeanalyse...
2018/03/31 12:18:00 [INFO] Oppdaget bevegelse i bildet Saturday 31 March 2018 12:18:00PM, lagret som ./20180331-121800.jpg
2018/03/31 12:18:06 [INFO] Oppdaget bevegelse i bildet Saturday 31 March 2018 12:18:06PM, lagret som ./20180331-121806.jpg
2018/03/31 12:18:11 [INFO] Oppdaget bevegelse i bildet Saturday 31 March 2018 12:18:11PM, lagret som ./20180331-121811.jpg
2018/03/31 12:18:15 [INFO] Oppdaget bevegelse i bildet Saturday 31 March 2018 12:18:15PM, lagret som ./20180331-121815.jpg
2018/03/31 12:18:21 [INFO] Oppdaget bevegelse i bildet Saturday 31 March 2018 12:18:21PM, lagret som ./20180331-121821.jpg
2018/03/31 12:29:10 [INFO] Video from 1
2018/03/31 12:29:10 [INFO] Lagrer til OneDrive
2018/03/31 12:29:10 [INFO] Viser video på skjermen
2018/03/31 12:29:10 [INFO] klargjør video...
2018/03/31 12:29:13 [INFO] starter bildeanalyse...
2018/03/31 12:29:28 [INFO] Oppdaget bevegelse i bildet Saturday 31 March 2018 12:29:28PM, lagret som ./20180331-122928.jpg
2018/03/31 12:29:41 [INFO] Video from 1
2018/03/31 12:29:41 [INFO] Lagrer til OneDrive
2018/03/31 12:29:41 [INFO] Viser video på skjermen
2018/03/31 12:29:41 [INFO] klargjør video...
2018/03/31 12:29:44 [INFO] starter bildeanalyse...
2018/03/31 12:30:18 [INFO] Video from 1
2018/03/31 12:30:18 [INFO] Lagrer til OneDrive
2018/03/31 12:30:18 [INFO] Viser video på skjermen
2018/03/31 12:30:18 [INFO] klargjør video...
2018/03/31 12:31:46 [INFO] Video from 1
2018/03/31 12:31:46 [INFO] Lagrer til OneDrive
2018/03/31 12:31:46 [INFO] Viser video på skjermen
2018/03/31 12:31:46 [INFO] klargjør video...
2018/03/31 12:31:49 [INFO] starter bildeanalyse...
2018/03/31 12:31:55 [INFO] Oppdaget bevegelse i bildet Saturday 31 March 2018 12:31:55PM, lagret som ./20180331-123155.jpg
2018/04/07 18:08:06 [INFO] Video from rtsp://admin:admin@192.168.86.51:8554/1.3gp
2018/04/07 18:08:06 [INFO] Lagrer til OneDrive
2018/04/07 18:08:06 [INFO] Viser video på skjermen
2018/04/07 18:08:06 [INFO] klargjør video...
2018/04/07 18:13:02 [INFO] Video from rtsp://admin:admin@192.168.86.51:8554/1.3gp
2018/04/07 18:13:02 [INFO] Lagrer til OneDrive
2018/04/07 18:13:02 [INFO] Viser video på skjermen
2018/04/07 18:13:02 [INFO] klargjør video...
2018/04/07 18:13:09 [INFO] starter bildeanalyse...
2018/04/07 19:59:15 [INFO] Video from rtsp://admin:admin@192.168.86.51:8554/1.3gp
2018/04/07 19:59:15 [INFO] Lagrer til OneDrive
2018/04/07 19:59:15 [INFO] Viser video på skjermen
2018/04/07 19:59:15 [INFO] klargjør video...
2018/04/07 19:59:22 [INFO] starter bildeanalyse...
2018/04/07 20:01:18 [INFO] Video from rtsp://admin:admin@192.168.86.51:8554/1.3gp
2018/04/07 20:01:18 [INFO] Lagrer til OneDrive
2018/04/07 20:01:18 [INFO] klargjør video...
2018/04/07 20:01:26 [INFO] starter bildeanalyse...
2018/04/07 20:02:05 [INFO] Video from rtsp://admin:admin@192.168.86.51:8554/1.3gp
2018/04/07 20:02:05 [INFO] Lagrer til OneDrive
2018/04/07 20:02:05 [INFO] klargjør video...
2018/04/07 20:02:13 [INFO] starter bildeanalyse...
2018/04/07 22:49:03 [INFO] Oppdaget bevegelse i bildet Saturday 07 April 2018 10:49:03PM, lagret som ./20180407-224903.jpg
2018/04/09 14:43:35 [Sjekk] Blitzcam har stoppet
2018/04/09 14:43:35 [Sjekk] Blitzcam restartet
2018/04/09 14:43:37 [INFO] Video from rtsp://admin:admin@192.168.86.51:8554/1.3gp
2018/04/09 14:43:37 [INFO] Lagrer til OneDrive
2018/04/09 14:43:37 [INFO] klargjør video...
2018/04/09 14:43:58 [INFO] starter bildeanalyse...
2018/04/09 15:43:41 [INFO] Tidsstyrt bilde Monday 09 April 2018 03:43:40PM, lagret som ./20180409-154341.jpg
2018/04/09 15:46:00 [INFO] Oppdaget bevegelse i bildet Monday 09 April 2018 03:46:00PM, lagret som ./20180409-154600.jpg
2018/04/09 16:00:39 [INFO] Oppdaget bevegelse i bildet Monday 09 April 2018 04:00:38PM, lagret som ./20180409-160039.jpg
2018/04/09 16:01:00 [INFO] Oppdaget bevegelse i bildet Monday 09 April 2018 04:00:59PM, lagret som ./20180409-160100.jpg
2018/04/09 16:01:09 [INFO] Oppdaget bevegelse i bildet Monday 09 April 2018 04:01:08PM, lagret som ./20180409-160109.jpg
2018/04/09 16:01:17 [INFO] Oppdaget bevegelse i bildet Monday 09 April 2018 04:01:16PM, lagret som ./20180409-160117.jpg
2018/04/09 16:02:11 [INFO] Oppdaget bevegelse i bildet Monday 09 April 2018 04:02:10PM, lagret som ./20180409-160211.jpg
2018/04/09 17:02:11 [INFO] Tidsstyrt bilde Monday 09 April 2018 05:02:10PM, lagret som ./20180409-170211.jpg
2018/04/09 17:50:02 [INFO] Oppdaget bevegelse i bildet Monday 09 April 2018 05:50:01PM, lagret som ./20180409-175002.jpg
2018/04/09 17:50:10 [INFO] Oppdaget bevegelse i bildet Monday 09 April 2018 05:50:09PM, lagret som ./20180409-175010.jpg
2018/04/09 17:50:26 [INFO] Oppdaget bevegelse i bildet Monday 09 April 2018 05:50:25PM, lagret som ./20180409-175026.jpg
2018/04/09 17:50:35 [INFO] Oppdaget bevegelse i bildet Monday 09 April 2018 05:50:34PM, lagret som ./20180409-175035.jpg
2018/04/09 17:51:08 [INFO] Oppdaget bevegelse i bildet Monday 09 April 2018 05:51:07PM, lagret som ./20180409-175108.jpg
2018/04/09 17:51:22 [INFO] Oppdaget bevegelse i bildet Monday 09 April 2018 05:51:22PM, lagret som ./20180409-175122.jpg
2018/04/09 17:51:30 [INFO] Oppdaget bevegelse i bildet Monday 09 April 2018 05:51:30PM, lagret som ./20180409-175130.jpg
2018/04/09 18:01:32 [INFO] Oppdaget bevegelse i bildet Monday 09 April 2018 06:01:31PM, lagret som ./20180409-180132.jpg
2018/04/09 18:15:40 [INFO] Oppdaget bevegelse i bildet Monday 09 April 2018 06:15:39PM, lagret som ./20180409-181540.jpg
2018/04/09 18:15:48 [INFO] Oppdaget bevegelse i bildet Monday 09 April 2018 06:15:48PM, lagret som ./20180409-181548.jpg
2018/04/09 18:16:01 [INFO] Oppdaget bevegelse i bildet Monday 09 April 2018 06:16:01PM, lagret som ./20180409-181601.jpg
2018/04/09 18:16:10 [INFO] Oppdaget bevegelse i bildet Monday 09 April 2018 06:16:09PM, lagret som ./20180409-181610.jpg
2018/04/09 18:17:36 [INFO] Oppdaget bevegelse i bildet Monday 09 April 2018 06:17:35PM, lagret som ./20180409-181736.jpg
2018/04/09 18:17:45 [INFO] Oppdaget bevegelse i bildet Monday 09 April 2018 06:17:44PM, lagret som ./20180409-181745.jpg
2018/04/09 19:16:33 [INFO] Oppdaget bevegelse i bildet Monday 09 April 2018 07:16:33PM, lagret som ./20180409-191633.jpg
2018/04/09 19:16:42 [INFO] Oppdaget bevegelse i bildet Monday 09 April 2018 07:16:41PM, lagret som ./20180409-191642.jpg
2018/04/09 19:44:28 [INFO] Oppdaget bevegelse i bildet Monday 09 April 2018 07:44:27PM, lagret som ./20180409-194428.jpg
2018/04/09 19:44:36 [INFO] Oppdaget bevegelse i bildet Monday 09 April 2018 07:44:36PM, lagret som ./20180409-194436.jpg
2018/04/09 20:44:36 [INFO] Tidsstyrt bilde Monday 09 April 2018 08:44:36PM, lagret som ./20180409-204436.jpg
2018/04/09 20:55:51 [INFO] Oppdaget bevegelse i bildet Monday 09 April 2018 08:55:50PM, lagret som ./20180409-205551.jpg
2018/04/09 20:55:59 [INFO] Oppdaget bevegelse i bildet Monday 09 April 2018 08:55:58PM, lagret som ./20180409-205559.jpg
2018/04/09 21:56:00 [INFO] Tidsstyrt bilde Monday 09 April 2018 09:55:59PM, lagret som ./20180409-215600.jpg
2018/04/09 22:46:15 [INFO] Oppdaget bevegelse i bildet Monday 09 April 2018 10:46:14PM, lagret som ./20180409-224615.jpg
2018/04/09 22:46:24 [INFO] Oppdaget bevegelse i bildet Monday 09 April 2018 10:46:23PM, lagret som ./20180409-224624.jpg
2018/04/09 22:46:33 [INFO] Oppdaget bevegelse i bildet Monday 09 April 2018 10:46:32PM, lagret som ./20180409-224633.jpg
2018/04/09 22:54:45 [INFO] Oppdaget bevegelse i bildet Monday 09 April 2018 10:54:44PM, lagret som ./20180409-225445.jpg
2018/04/09 22:55:39 [INFO] Oppdaget bevegelse i bildet Monday 09 April 2018 10:55:39PM, lagret som ./20180409-225539.jpg
2018/04/09 23:12:10 [INFO] Oppdaget bevegelse i bildet Monday 09 April 2018 11:12:09PM, lagret som ./20180409-231210.jpg
2018/04/09 23:12:17 [INFO] Oppdaget bevegelse i bildet Monday 09 April 2018 11:12:17PM, lagret som ./20180409-231217.jpg
2018/04/10 00:12:18 [INFO] Tidsstyrt bilde Tuesday 10 April 2018 12:12:17AM, lagret som ./20180410-001218.jpg
2018/04/10 00:43:51 [INFO] Oppdaget bevegelse i bildet Tuesday 10 April 2018 12:43:51AM, lagret som ./20180410-004351.jpg
2018/04/10 00:44:29 [INFO] Oppdaget bevegelse i bildet Tuesday 10 April 2018 12:44:28AM, lagret som ./20180410-004429.jpg
2018/04/10 00:44:37 [INFO] Oppdaget bevegelse i bildet Tuesday 10 April 2018 12:44:36AM, lagret som ./20180410-004437.jpg
2018/04/10 00:44:45 [INFO] Oppdaget bevegelse i bildet Tuesday 10 April 2018 12:44:44AM, lagret som ./20180410-004445.jpg
2018/04/10 00:44:54 [INFO] Oppdaget bevegelse i bildet Tuesday 10 April 2018 12:44:53AM, lagret som ./20180410-004454.jpg
2018/04/10 01:25:36 [INFO] Oppdaget bevegelse i bildet Tuesday 10 April 2018 01:25:36AM, lagret som ./20180410-012536.jpg
2018/04/10 01:40:24 [INFO] Oppdaget bevegelse i bildet Tuesday 10 April 2018 01:40:23AM, lagret som ./20180410-014024.jpg
2018/04/10 01:40:33 [INFO] Oppdaget bevegelse i bildet Tuesday 10 April 2018 01:40:32AM, lagret som ./20180410-014033.jpg
2018/04/10 01:40:41 [INFO] Oppdaget bevegelse i bildet Tuesday 10 April 2018 01:40:41AM, lagret som ./20180410-014041.jpg
2018/04/10 01:41:17 [INFO] Oppdaget bevegelse i bildet Tuesday 10 April 2018 01:41:16AM, lagret som ./20180410-014117.jpg
2018/04/10 02:41:17 [INFO] Tidsstyrt bilde Tuesday 10 April 2018 02:41:16AM, lagret som ./20180410-024117.jpg
2018/04/10 03:00:47 [INFO] Oppdaget bevegelse i bildet Tuesday 10 April 2018 03:00:46AM, lagret som ./20180410-030047.jpg
2018/04/10 03:02:57 [INFO] Oppdaget bevegelse i bildet Tuesday 10 April 2018 03:02:57AM, lagret som ./20180410-030257.jpg
2018/04/10 03:03:11 [INFO] Oppdaget bevegelse i bildet Tuesday 10 April 2018 03:03:10AM, lagret som ./20180410-030311.jpg
2018/04/10 03:03:19 [INFO] Oppdaget bevegelse i bildet Tuesday 10 April 2018 03:03:18AM, lagret som ./20180410-030319.jpg
2018/04/10 04:03:19 [INFO] Tidsstyrt bilde Tuesday 10 April 2018 04:03:19AM, lagret som ./20180410-040319.jpg
